{
  "/Users/jakemoxey/git/mpay/src/Schema.ts": {
    "path": "/Users/jakemoxey/git/mpay/src/Schema.ts",
    "statementMap": {
      "0": {
        "start": { "line": 9, "column": 4 },
        "end": { "line": 9, "column": null }
      },
      "1": {
        "start": { "line": 10, "column": 4 },
        "end": { "line": 10, "column": null }
      },
      "2": {
        "start": { "line": 11, "column": 4 },
        "end": { "line": 11, "column": null }
      },
      "3": {
        "start": { "line": 20, "column": 2 },
        "end": { "line": 24, "column": null }
      },
      "4": {
        "start": { "line": 21, "column": 21 },
        "end": { "line": 21, "column": null }
      },
      "5": {
        "start": { "line": 21, "column": 46 },
        "end": { "line": 21, "column": 55 }
      },
      "6": {
        "start": { "line": 22, "column": 19 },
        "end": { "line": 22, "column": null }
      },
      "7": {
        "start": { "line": 23, "column": 4 },
        "end": { "line": 23, "column": null }
      },
      "8": {
        "start": { "line": 25, "column": 2 },
        "end": { "line": 25, "column": null }
      }
    },
    "fnMap": {
      "0": {
        "name": "(anonymous_0)",
        "decl": {
          "start": { "line": 8, "column": 2 },
          "end": { "line": 8, "column": 14 }
        },
        "loc": {
          "start": { "line": 8, "column": 78 },
          "end": { "line": 12, "column": null }
        },
        "line": 8
      },
      "1": {
        "name": "unwrap",
        "decl": {
          "start": { "line": 19, "column": 16 },
          "end": { "line": 19, "column": 26 }
        },
        "loc": {
          "start": { "line": 19, "column": 80 },
          "end": { "line": 26, "column": null }
        },
        "line": 19
      },
      "2": {
        "name": "(anonymous_2)",
        "decl": {
          "start": { "line": 21, "column": 39 },
          "end": { "line": 21, "column": 40 }
        },
        "loc": {
          "start": { "line": 21, "column": 46 },
          "end": { "line": 21, "column": 55 }
        },
        "line": 21
      }
    },
    "branchMap": {
      "0": {
        "loc": {
          "start": { "line": 20, "column": 2 },
          "end": { "line": 24, "column": null }
        },
        "type": "if",
        "locations": [
          {
            "start": { "line": 20, "column": 2 },
            "end": { "line": 24, "column": null }
          },
          { "start": {}, "end": {} }
        ],
        "line": 20
      },
      "1": {
        "loc": {
          "start": { "line": 22, "column": 19 },
          "end": { "line": 22, "column": null }
        },
        "type": "cond-expr",
        "locations": [
          {
            "start": { "line": 22, "column": 26 },
            "end": { "line": 22, "column": 48 }
          },
          {
            "start": { "line": 22, "column": 48 },
            "end": { "line": 22, "column": null }
          }
        ],
        "line": 22
      }
    },
    "s": {
      "0": 3,
      "1": 3,
      "2": 3,
      "3": 14,
      "4": 3,
      "5": 3,
      "6": 3,
      "7": 3,
      "8": 11
    },
    "f": { "0": 3, "1": 14, "2": 3 },
    "b": { "0": [3, 11], "1": [3, 0] },
    "meta": {
      "lastBranch": 2,
      "lastFunction": 3,
      "lastStatement": 9,
      "seen": {
        "f:8:2:8:14": 0,
        "s:9:4:9:Infinity": 0,
        "s:10:4:10:Infinity": 1,
        "s:11:4:11:Infinity": 2,
        "f:19:16:19:26": 1,
        "b:20:2:24:Infinity:undefined:undefined:undefined:undefined": 0,
        "s:20:2:24:Infinity": 3,
        "s:21:21:21:Infinity": 4,
        "f:21:39:21:40": 2,
        "s:21:46:21:55": 5,
        "s:22:19:22:Infinity": 6,
        "b:22:26:22:48:22:48:22:Infinity": 1,
        "s:23:4:23:Infinity": 7,
        "s:25:2:25:Infinity": 8
      }
    }
  },
  "/Users/jakemoxey/git/mpay/src/server/Intent.ts": {
    "path": "/Users/jakemoxey/git/mpay/src/server/Intent.ts",
    "statementMap": {
      "0": {
        "start": { "line": 87, "column": 29 },
        "end": { "line": 87, "column": null }
      },
      "1": {
        "start": { "line": 89, "column": 2 },
        "end": { "line": 104, "column": null }
      },
      "2": {
        "start": { "line": 95, "column": 21 },
        "end": { "line": 95, "column": null }
      },
      "3": {
        "start": { "line": 96, "column": 6 },
        "end": { "line": 96, "column": null }
      },
      "4": {
        "start": { "line": 100, "column": 21 },
        "end": { "line": 100, "column": null }
      },
      "5": {
        "start": { "line": 101, "column": 22 },
        "end": { "line": 101, "column": null }
      },
      "6": {
        "start": { "line": 102, "column": 6 },
        "end": { "line": 102, "column": null }
      }
    },
    "fnMap": {
      "0": {
        "name": "define",
        "decl": {
          "start": { "line": 84, "column": 16 },
          "end": { "line": 84, "column": null }
        },
        "loc": {
          "start": { "line": 86, "column": 29 },
          "end": { "line": 105, "column": null }
        },
        "line": 86
      },
      "1": {
        "name": "(anonymous_1)",
        "decl": {
          "start": { "line": 94, "column": 10 },
          "end": { "line": 94, "column": 18 }
        },
        "loc": {
          "start": { "line": 94, "column": 25 },
          "end": { "line": 97, "column": null }
        },
        "line": 94
      },
      "2": {
        "name": "(anonymous_2)",
        "decl": {
          "start": { "line": 99, "column": 10 },
          "end": { "line": 99, "column": 17 }
        },
        "loc": {
          "start": { "line": 99, "column": 38 },
          "end": { "line": 103, "column": null }
        },
        "line": 99
      }
    },
    "branchMap": {},
    "s": { "0": 2, "1": 2, "2": 5, "3": 5, "4": 9, "5": 9, "6": 9 },
    "f": { "0": 2, "1": 5, "2": 9 },
    "b": {},
    "meta": {
      "lastBranch": 0,
      "lastFunction": 3,
      "lastStatement": 7,
      "seen": {
        "f:84:16:84:Infinity": 0,
        "s:87:29:87:Infinity": 0,
        "s:89:2:104:Infinity": 1,
        "f:94:10:94:18": 1,
        "s:95:21:95:Infinity": 2,
        "s:96:6:96:Infinity": 3,
        "f:99:10:99:17": 2,
        "s:100:21:100:Infinity": 4,
        "s:101:22:101:Infinity": 5,
        "s:102:6:102:Infinity": 6
      }
    }
  },
  "/Users/jakemoxey/git/mpay/src/server/index.ts": {
    "path": "/Users/jakemoxey/git/mpay/src/server/index.ts",
    "statementMap": {},
    "fnMap": {},
    "branchMap": {},
    "s": {},
    "f": {},
    "b": {},
    "meta": {
      "lastBranch": 0,
      "lastFunction": 0,
      "lastStatement": 0,
      "seen": {}
    }
  },
  "/Users/jakemoxey/git/mpay/src/server/methods/tempo.ts": {
    "path": "/Users/jakemoxey/git/mpay/src/server/methods/tempo.ts",
    "statementMap": {
      "0": {
        "start": { "line": 11, "column": 17 },
        "end": { "line": 11, "column": null }
      },
      "1": {
        "start": { "line": 30, "column": 2 },
        "end": { "line": 129, "column": null }
      },
      "2": {
        "start": { "line": 53, "column": 26 },
        "end": { "line": 53, "column": null }
      },
      "3": {
        "start": { "line": 55, "column": 6 },
        "end": { "line": 55, "column": null }
      },
      "4": {
        "start": { "line": 55, "column": 50 },
        "end": { "line": 55, "column": null }
      },
      "5": {
        "start": { "line": 57, "column": 6 },
        "end": { "line": 88, "column": null }
      },
      "6": {
        "start": { "line": 58, "column": 24 },
        "end": { "line": 60, "column": null }
      },
      "7": {
        "start": { "line": 63, "column": 14 },
        "end": { "line": 67, "column": null }
      },
      "8": {
        "start": { "line": 69, "column": 28 },
        "end": { "line": 74, "column": null }
      },
      "9": {
        "start": { "line": 71, "column": 12 },
        "end": { "line": 73, "column": null }
      },
      "10": {
        "start": { "line": 76, "column": 8 },
        "end": { "line": 79, "column": null }
      },
      "11": {
        "start": { "line": 77, "column": 10 },
        "end": { "line": 79, "column": null }
      },
      "12": {
        "start": { "line": 81, "column": 8 },
        "end": { "line": 87, "column": null }
      },
      "13": {
        "start": { "line": 90, "column": 6 },
        "end": { "line": 125, "column": null }
      },
      "14": {
        "start": { "line": 91, "column": 38 },
        "end": { "line": 91, "column": null }
      },
      "15": {
        "start": { "line": 92, "column": 28 },
        "end": { "line": 92, "column": null }
      },
      "16": {
        "start": { "line": 95, "column": 29 },
        "end": { "line": 105, "column": null }
      },
      "17": {
        "start": { "line": 96, "column": 10 },
        "end": { "line": 96, "column": null }
      },
      "18": {
        "start": { "line": 96, "column": 68 },
        "end": { "line": 96, "column": null }
      },
      "19": {
        "start": { "line": 97, "column": 10 },
        "end": { "line": 97, "column": null }
      },
      "20": {
        "start": { "line": 97, "column": 26 },
        "end": { "line": 97, "column": null }
      },
      "21": {
        "start": { "line": 99, "column": 10 },
        "end": { "line": 104, "column": null }
      },
      "22": {
        "start": { "line": 100, "column": 33 },
        "end": { "line": 100, "column": null }
      },
      "23": {
        "start": { "line": 101, "column": 12 },
        "end": { "line": 101, "column": null }
      },
      "24": {
        "start": { "line": 103, "column": 12 },
        "end": { "line": 103, "column": null }
      },
      "25": {
        "start": { "line": 107, "column": 8 },
        "end": { "line": 110, "column": null }
      },
      "26": {
        "start": { "line": 108, "column": 10 },
        "end": { "line": 110, "column": null }
      },
      "27": {
        "start": { "line": 112, "column": 24 },
        "end": { "line": 114, "column": null }
      },
      "28": {
        "start": { "line": 118, "column": 8 },
        "end": { "line": 124, "column": null }
      },
      "29": {
        "start": { "line": 127, "column": 6 },
        "end": { "line": 127, "column": null }
      }
    },
    "fnMap": {
      "0": {
        "name": "charge",
        "decl": {
          "start": { "line": 27, "column": 16 },
          "end": { "line": 27, "column": null }
        },
        "loc": {
          "start": { "line": 29, "column": 2 },
          "end": { "line": 130, "column": null }
        },
        "line": 29
      },
      "1": {
        "name": "(anonymous_1)",
        "decl": {
          "start": { "line": 52, "column": 10 },
          "end": { "line": 52, "column": 17 }
        },
        "loc": {
          "start": { "line": 52, "column": 38 },
          "end": { "line": 128, "column": null }
        },
        "line": 52
      },
      "2": {
        "name": "(anonymous_2)",
        "decl": {
          "start": { "line": 70, "column": 10 },
          "end": { "line": 70, "column": 11 }
        },
        "loc": {
          "start": { "line": 71, "column": 12 },
          "end": { "line": 73, "column": null }
        },
        "line": 71
      },
      "3": {
        "name": "(anonymous_3)",
        "decl": {
          "start": { "line": 95, "column": 53 },
          "end": { "line": 95, "column": 54 }
        },
        "loc": {
          "start": { "line": 95, "column": 63 },
          "end": { "line": 105, "column": 9 }
        },
        "line": 95
      }
    },
    "branchMap": {
      "0": {
        "loc": {
          "start": { "line": 55, "column": 6 },
          "end": { "line": 55, "column": null }
        },
        "type": "if",
        "locations": [
          {
            "start": { "line": 55, "column": 6 },
            "end": { "line": 55, "column": null }
          },
          { "start": {}, "end": {} }
        ],
        "line": 55
      },
      "1": {
        "loc": {
          "start": { "line": 57, "column": 6 },
          "end": { "line": 88, "column": null }
        },
        "type": "if",
        "locations": [
          {
            "start": { "line": 57, "column": 6 },
            "end": { "line": 88, "column": null }
          },
          { "start": {}, "end": {} }
        ],
        "line": 57
      },
      "2": {
        "loc": {
          "start": { "line": 71, "column": 12 },
          "end": { "line": 73, "column": null }
        },
        "type": "binary-expr",
        "locations": [
          {
            "start": { "line": 71, "column": 12 },
            "end": { "line": 71, "column": null }
          },
          {
            "start": { "line": 72, "column": 12 },
            "end": { "line": 72, "column": null }
          },
          {
            "start": { "line": 73, "column": 12 },
            "end": { "line": 73, "column": null }
          }
        ],
        "line": 71
      },
      "3": {
        "loc": {
          "start": { "line": 76, "column": 8 },
          "end": { "line": 79, "column": null }
        },
        "type": "if",
        "locations": [
          {
            "start": { "line": 76, "column": 8 },
            "end": { "line": 79, "column": null }
          },
          { "start": {}, "end": {} }
        ],
        "line": 76
      },
      "4": {
        "loc": {
          "start": { "line": 83, "column": 20 },
          "end": { "line": 83, "column": null }
        },
        "type": "cond-expr",
        "locations": [
          {
            "start": { "line": 83, "column": 51 },
            "end": { "line": 83, "column": 63 }
          },
          {
            "start": { "line": 83, "column": 63 },
            "end": { "line": 83, "column": null }
          }
        ],
        "line": 83
      },
      "5": {
        "loc": {
          "start": { "line": 90, "column": 6 },
          "end": { "line": 125, "column": null }
        },
        "type": "if",
        "locations": [
          {
            "start": { "line": 90, "column": 6 },
            "end": { "line": 125, "column": null }
          },
          { "start": {}, "end": {} }
        ],
        "line": 90
      },
      "6": {
        "loc": {
          "start": { "line": 96, "column": 10 },
          "end": { "line": 96, "column": null }
        },
        "type": "if",
        "locations": [
          {
            "start": { "line": 96, "column": 10 },
            "end": { "line": 96, "column": null }
          },
          { "start": {}, "end": {} }
        ],
        "line": 96
      },
      "7": {
        "loc": {
          "start": { "line": 96, "column": 14 },
          "end": { "line": 96, "column": 68 }
        },
        "type": "binary-expr",
        "locations": [
          {
            "start": { "line": 96, "column": 14 },
            "end": { "line": 96, "column": 26 }
          },
          {
            "start": { "line": 96, "column": 26 },
            "end": { "line": 96, "column": 68 }
          }
        ],
        "line": 96
      },
      "8": {
        "loc": {
          "start": { "line": 97, "column": 10 },
          "end": { "line": 97, "column": null }
        },
        "type": "if",
        "locations": [
          {
            "start": { "line": 97, "column": 10 },
            "end": { "line": 97, "column": null }
          },
          { "start": {}, "end": {} }
        ],
        "line": 97
      },
      "9": {
        "loc": {
          "start": { "line": 101, "column": 19 },
          "end": { "line": 101, "column": null }
        },
        "type": "binary-expr",
        "locations": [
          {
            "start": { "line": 101, "column": 19 },
            "end": { "line": 101, "column": 63 }
          },
          {
            "start": { "line": 101, "column": 63 },
            "end": { "line": 101, "column": null }
          }
        ],
        "line": 101
      },
      "10": {
        "loc": {
          "start": { "line": 107, "column": 8 },
          "end": { "line": 110, "column": null }
        },
        "type": "if",
        "locations": [
          {
            "start": { "line": 107, "column": 8 },
            "end": { "line": 110, "column": null }
          },
          { "start": {}, "end": {} }
        ],
        "line": 107
      },
      "11": {
        "loc": {
          "start": { "line": 120, "column": 20 },
          "end": { "line": 120, "column": null }
        },
        "type": "cond-expr",
        "locations": [
          {
            "start": { "line": 120, "column": 51 },
            "end": { "line": 120, "column": 63 }
          },
          {
            "start": { "line": 120, "column": 63 },
            "end": { "line": 120, "column": null }
          }
        ],
        "line": 120
      }
    },
    "s": {
      "0": 1,
      "1": 1,
      "2": 7,
      "3": 7,
      "4": 1,
      "5": 6,
      "6": 2,
      "7": 2,
      "8": 2,
      "9": 3,
      "10": 2,
      "11": 1,
      "12": 1,
      "13": 4,
      "14": 4,
      "15": 4,
      "16": 4,
      "17": 4,
      "18": 1,
      "19": 3,
      "20": 0,
      "21": 3,
      "22": 3,
      "23": 3,
      "24": 0,
      "25": 4,
      "26": 3,
      "27": 1,
      "28": 1,
      "29": 0
    },
    "f": { "0": 1, "1": 7, "2": 3, "3": 4 },
    "b": {
      "0": [1, 6],
      "1": [2, 4],
      "2": [3, 3, 1],
      "3": [1, 1],
      "4": [1, 0],
      "5": [4, 0],
      "6": [1, 3],
      "7": [4, 4],
      "8": [0, 3],
      "9": [3, 2],
      "10": [3, 1],
      "11": [1, 0]
    },
    "meta": {
      "lastBranch": 12,
      "lastFunction": 4,
      "lastStatement": 30,
      "seen": {
        "s:11:17:11:Infinity": 0,
        "f:27:16:27:Infinity": 0,
        "s:30:2:129:Infinity": 1,
        "f:52:10:52:17": 1,
        "s:53:26:53:Infinity": 2,
        "b:55:6:55:Infinity:undefined:undefined:undefined:undefined": 0,
        "s:55:6:55:Infinity": 3,
        "s:55:50:55:Infinity": 4,
        "b:57:6:88:Infinity:undefined:undefined:undefined:undefined": 1,
        "s:57:6:88:Infinity": 5,
        "s:58:24:60:Infinity": 6,
        "s:63:14:67:Infinity": 7,
        "s:69:28:74:Infinity": 8,
        "f:70:10:70:11": 2,
        "s:71:12:73:Infinity": 9,
        "b:71:12:71:Infinity:72:12:72:Infinity:73:12:73:Infinity": 2,
        "b:76:8:79:Infinity:undefined:undefined:undefined:undefined": 3,
        "s:76:8:79:Infinity": 10,
        "s:77:10:79:Infinity": 11,
        "s:81:8:87:Infinity": 12,
        "b:83:51:83:63:83:63:83:Infinity": 4,
        "b:90:6:125:Infinity:undefined:undefined:undefined:undefined": 5,
        "s:90:6:125:Infinity": 13,
        "s:91:38:91:Infinity": 14,
        "s:92:28:92:Infinity": 15,
        "s:95:29:105:Infinity": 16,
        "f:95:53:95:54": 3,
        "b:96:10:96:Infinity:undefined:undefined:undefined:undefined": 6,
        "s:96:10:96:Infinity": 17,
        "b:96:14:96:26:96:26:96:68": 7,
        "s:96:68:96:Infinity": 18,
        "b:97:10:97:Infinity:undefined:undefined:undefined:undefined": 8,
        "s:97:10:97:Infinity": 19,
        "s:97:26:97:Infinity": 20,
        "s:99:10:104:Infinity": 21,
        "s:100:33:100:Infinity": 22,
        "s:101:12:101:Infinity": 23,
        "b:101:19:101:63:101:63:101:Infinity": 9,
        "s:103:12:103:Infinity": 24,
        "b:107:8:110:Infinity:undefined:undefined:undefined:undefined": 10,
        "s:107:8:110:Infinity": 25,
        "s:108:10:110:Infinity": 26,
        "s:112:24:114:Infinity": 27,
        "s:118:8:124:Infinity": 28,
        "b:120:51:120:63:120:63:120:Infinity": 11,
        "s:127:6:127:Infinity": 29
      }
    }
  },
  "/Users/jakemoxey/git/mpay/test/prool.ts": {
    "path": "/Users/jakemoxey/git/mpay/test/prool.ts",
    "statementMap": {
      "0": {
        "start": { "line": 1, "column": 20 },
        "end": { "line": 1, "column": null }
      },
      "1": {
        "start": { "line": 3, "column": 22 },
        "end": { "line": 3, "column": null }
      }
    },
    "fnMap": {},
    "branchMap": {},
    "s": { "0": 1, "1": 1 },
    "f": {},
    "b": {},
    "meta": {
      "lastBranch": 0,
      "lastFunction": 0,
      "lastStatement": 2,
      "seen": { "s:1:20:1:Infinity": 0, "s:3:22:3:Infinity": 1 }
    }
  },
  "/Users/jakemoxey/git/mpay/test/viem.ts": {
    "path": "/Users/jakemoxey/git/mpay/test/viem.ts",
    "statementMap": {
      "0": {
        "start": { "line": 6, "column": 13 },
        "end": { "line": 10, "column": null }
      },
      "1": {
        "start": { "line": 12, "column": 13 },
        "end": { "line": 18, "column": null }
      }
    },
    "fnMap": {},
    "branchMap": {},
    "s": { "0": 1, "1": 1 },
    "f": {},
    "b": {},
    "meta": {
      "lastBranch": 0,
      "lastFunction": 0,
      "lastStatement": 2,
      "seen": { "s:6:13:10:Infinity": 0, "s:12:13:18:Infinity": 1 }
    }
  }
}
